# JRE version: 7.0_17-b02
# Java VM: Java HotSpot(TM) 64-Bit Server VM (23.7-b01 mixed mode windows-amd64 compressed oops)
Heap
 PSYoungGen      total 91456K, used 39707K [0x00000000eaab0000, 0x00000000f2cd0000, 0x0000000100000000)
  eden space 84544K, 38% used [0x00000000eaab0000,0x00000000ecabbf30,0x00000000efd40000)
  from space 6912K, 99% used [0x00000000f0ec0000,0x00000000f157af58,0x00000000f1580000)
  to   space 16064K, 0% used [0x00000000f1d20000,0x00000000f1d20000,0x00000000f2cd0000)
 ParOldGen       total 86528K, used 60935K [0x00000000c0000000, 0x00000000c5480000, 0x00000000eaab0000)
  object space 86528K, 70% used [0x00000000c0000000,0x00000000c3b81c38,0x00000000c5480000)
 PSPermGen       total 89984K, used 47819K [0x00000000b0000000, 0x00000000b57e0000, 0x00000000c0000000)
  object space 89984K, 53% used [0x00000000b0000000,0x00000000b2eb2de8,0x00000000b57e0000)
GC Heap History (10 events):
Event: 131.214 GC heap before
{Heap before GC invocations=18 (full 1):
 PSYoungGen      total 108224K, used 108220K [0x00000000eaab0000, 0x00000000f5560000, 0x0000000100000000)
  eden space 102080K, 100% used [0x00000000eaab0000,0x00000000f0e60000,0x00000000f0e60000)
  from space 6144K, 99% used [0x00000000f4f60000,0x00000000f555f2c0,0x00000000f5560000)
  to   space 18432K, 0% used [0x00000000f3160000,0x00000000f3160000,0x00000000f4360000)
 ParOldGen       total 86528K, used 54652K [0x00000000c0000000, 0x00000000c5480000, 0x00000000eaab0000)
  object space 86528K, 63% used [0x00000000c0000000,0x00000000c355f000,0x00000000c5480000)
 PSPermGen       total 89984K, used 47126K [0x00000000b0000000, 0x00000000b57e0000, 0x00000000c0000000)
  object space 89984K, 52% used [0x00000000b0000000,0x00000000b2e05800,0x00000000b57e0000)
Event: 131.225 GC heap after
Heap after GC invocations=18 (full 1):
 PSYoungGen      total 101184K, used 2912K [0x00000000eaab0000, 0x00000000f4f70000, 0x0000000100000000)
  eden space 98240K, 0% used [0x00000000eaab0000,0x00000000eaab0000,0x00000000f0aa0000)
  from space 2944K, 98% used [0x00000000f3160000,0x00000000f3438000,0x00000000f3440000)
  to   space 18240K, 0% used [0x00000000f3da0000,0x00000000f3da0000,0x00000000f4f70000)
 ParOldGen       total 86528K, used 59170K [0x00000000c0000000, 0x00000000c5480000, 0x00000000eaab0000)
  object space 86528K, 68% used [0x00000000c0000000,0x00000000c39c8a18,0x00000000c5480000)
 PSPermGen       total 89984K, used 47126K [0x00000000b0000000, 0x00000000b57e0000, 0x00000000c0000000)
  object space 89984K, 52% used [0x00000000b0000000,0x00000000b2e05800,0x00000000b57e0000)
}
Event: 134.104 GC heap before
{Heap before GC invocations=19 (full 1):
 PSYoungGen      total 101184K, used 101152K [0x00000000eaab0000, 0x00000000f4f70000, 0x0000000100000000)
  eden space 98240K, 100% used [0x00000000eaab0000,0x00000000f0aa0000,0x00000000f0aa0000)
  from space 2944K, 98% used [0x00000000f3160000,0x00000000f3438000,0x00000000f3440000)
  to   space 18240K, 0% used [0x00000000f3da0000,0x00000000f3da0000,0x00000000f4f70000)
 ParOldGen       total 86528K, used 59170K [0x00000000c0000000, 0x00000000c5480000, 0x00000000eaab0000)
  object space 86528K, 68% used [0x00000000c0000000,0x00000000c39c8a18,0x00000000c5480000)
 PSPermGen       total 89984K, used 47149K [0x00000000b0000000, 0x00000000b57e0000, 0x00000000c0000000)
  object space 89984K, 52% used [0x00000000b0000000,0x00000000b2e0b7d8,0x00000000b57e0000)
Event: 134.113 GC heap after
Heap after GC invocations=19 (full 1):
 PSYoungGen      total 98048K, used 3456K [0x00000000eaab0000, 0x00000000f4100000, 0x0000000100000000)
  eden space 94592K, 0% used [0x00000000eaab0000,0x00000000eaab0000,0x00000000f0710000)
  from space 3456K, 100% used [0x00000000f3da0000,0x00000000f4100000,0x00000000f4100000)
  to   space 17856K, 0% used [0x00000000f1e20000,0x00000000f1e20000,0x00000000f2f90000)
 ParOldGen       total 86528K, used 59322K [0x00000000c0000000, 0x00000000c5480000, 0x00000000eaab0000)
  object space 86528K, 68% used [0x00000000c0000000,0x00000000c39eea68,0x00000000c5480000)
 PSPermGen       total 89984K, used 47149K [0x00000000b0000000, 0x00000000b57e0000, 0x00000000c0000000)
  object space 89984K, 52% used [0x00000000b0000000,0x00000000b2e0b7d8,0x00000000b57e0000)
}
Event: 137.147 GC heap before
{Heap before GC invocations=20 (full 1):
 PSYoungGen      total 98048K, used 98048K [0x00000000eaab0000, 0x00000000f4100000, 0x0000000100000000)
  eden space 94592K, 100% used [0x00000000eaab0000,0x00000000f0710000,0x00000000f0710000)
  from space 3456K, 100% used [0x00000000f3da0000,0x00000000f4100000,0x00000000f4100000)
  to   space 17856K, 0% used [0x00000000f1e20000,0x00000000f1e20000,0x00000000f2f90000)
 ParOldGen       total 86528K, used 59322K [0x00000000c0000000, 0x00000000c5480000, 0x00000000eaab0000)
  object space 86528K, 68% used [0x00000000c0000000,0x00000000c39eea68,0x00000000c5480000)
 PSPermGen       total 89984K, used 47178K [0x00000000b0000000, 0x00000000b57e0000, 0x00000000c0000000)
  object space 89984K, 52% used [0x00000000b0000000,0x00000000b2e129d8,0x00000000b57e0000)
Event: 137.155 GC heap after
Heap after GC invocations=20 (full 1):
 PSYoungGen      total 94848K, used 3744K [0x00000000eaab0000, 0x00000000f3db0000, 0x0000000100000000)
  eden space 91072K, 0% used [0x00000000eaab0000,0x00000000eaab0000,0x00000000f03a0000)
  from space 3776K, 99% used [0x00000000f1e20000,0x00000000f21c8000,0x00000000f21d0000)
  to   space 17344K, 0% used [0x00000000f2cc0000,0x00000000f2cc0000,0x00000000f3db0000)
 ParOldGen       total 86528K, used 59530K [0x00000000c0000000, 0x00000000c5480000, 0x00000000eaab0000)
  object space 86528K, 68% used [0x00000000c0000000,0x00000000c3a22ac8,0x00000000c5480000)
 PSPermGen       total 89984K, used 47178K [0x00000000b0000000, 0x00000000b57e0000, 0x00000000c0000000)
  object space 89984K, 52% used [0x00000000b0000000,0x00000000b2e129d8,0x00000000b57e0000)
}
Event: 162.277 GC heap before
{Heap before GC invocations=21 (full 1):
 PSYoungGen      total 94848K, used 94816K [0x00000000eaab0000, 0x00000000f3db0000, 0x0000000100000000)
  eden space 91072K, 100% used [0x00000000eaab0000,0x00000000f03a0000,0x00000000f03a0000)
  from space 3776K, 99% used [0x00000000f1e20000,0x00000000f21c8000,0x00000000f21d0000)
  to   space 17344K, 0% used [0x00000000f2cc0000,0x00000000f2cc0000,0x00000000f3db0000)
 ParOldGen       total 86528K, used 59530K [0x00000000c0000000, 0x00000000c5480000, 0x00000000eaab0000)
  object space 86528K, 68% used [0x00000000c0000000,0x00000000c3a22ac8,0x00000000c5480000)
 PSPermGen       total 89984K, used 47561K [0x00000000b0000000, 0x00000000b57e0000, 0x00000000c0000000)
  object space 89984K, 52% used [0x00000000b0000000,0x00000000b2e725b8,0x00000000b57e0000)
Event: 162.282 GC heap after
Heap after GC invocations=21 (full 1):
 PSYoungGen      total 90944K, used 3152K [0x00000000eaab0000, 0x00000000f2fe0000, 0x0000000100000000)
  eden space 87744K, 0% used [0x00000000eaab0000,0x00000000eaab0000,0x00000000f0060000)
  from space 3200K, 98% used [0x00000000f2cc0000,0x00000000f2fd4010,0x00000000f2fe0000)
  to   space 16960K, 0% used [0x00000000f0ec0000,0x00000000f0ec0000,0x00000000f1f50000)
 ParOldGen       total 86528K, used 59762K [0x00000000c0000000, 0x00000000c5480000, 0x00000000eaab0000)
  object space 86528K, 69% used [0x00000000c0000000,0x00000000c3a5cb48,0x00000000c5480000)
 PSPermGen       total 89984K, used 47561K [0x00000000b0000000, 0x00000000b57e0000, 0x00000000c0000000)
  object space 89984K, 52% used [0x00000000b0000000,0x00000000b2e725b8,0x00000000b57e0000)
}
Event: 173.658 GC heap before
{Heap before GC invocations=22 (full 1):
 PSYoungGen      total 90944K, used 90896K [0x00000000eaab0000, 0x00000000f2fe0000, 0x0000000100000000)
  eden space 87744K, 100% used [0x00000000eaab0000,0x00000000f0060000,0x00000000f0060000)
  from space 3200K, 98% used [0x00000000f2cc0000,0x00000000f2fd4010,0x00000000f2fe0000)
  to   space 16960K, 0% used [0x00000000f0ec0000,0x00000000f0ec0000,0x00000000f1f50000)
 ParOldGen       total 86528K, used 59762K [0x00000000c0000000, 0x00000000c5480000, 0x00000000eaab0000)
  object space 86528K, 69% used [0x00000000c0000000,0x00000000c3a5cb48,0x00000000c5480000)
 PSPermGen       total 89984K, used 47736K [0x00000000b0000000, 0x00000000b57e0000, 0x00000000c0000000)
  object space 89984K, 53% used [0x00000000b0000000,0x00000000b2e9e060,0x00000000b57e0000)
Event: 173.664 GC heap after
Heap after GC invocations=22 (full 1):
 PSYoungGen      total 91456K, used 6891K [0x00000000eaab0000, 0x00000000f2cd0000, 0x0000000100000000)
  eden space 84544K, 0% used [0x00000000eaab0000,0x00000000eaab0000,0x00000000efd40000)
  from space 6912K, 99% used [0x00000000f0ec0000,0x00000000f157af58,0x00000000f1580000)
  to   space 16064K, 0% used [0x00000000f1d20000,0x00000000f1d20000,0x00000000f2cd0000)
 ParOldGen       total 86528K, used 60935K [0x00000000c0000000, 0x00000000c5480000, 0x00000000eaab0000)
  object space 86528K, 70% used [0x00000000c0000000,0x00000000c3b81c38,0x00000000c5480000)
 PSPermGen       total 89984K, used 47736K [0x00000000b0000000, 0x00000000b57e0000, 0x00000000c0000000)
  object space 89984K, 53% used [0x00000000b0000000,0x00000000b2e9e060,0x00000000b57e0000)
}

